2024-05-01 4:34:26 - PHP Warning:  mysqli::__construct(): (HY000/2002): Подключение не установлено, т.к. конечный компьютер отверг запрос на подключение in C:\OSPanel\domains\oc3.loc\system\library\db\mysqli.php on line 8
2024-05-10 13:43:20 - PHP Warning:  rmdir(C:/OSPanel/domains/oc3.loc/system/storage/modification/system/engine): Directory not empty in C:\OSPanel\domains\oc3.loc\admin\controller\marketplace\modification.php on line 105
2024-05-10 13:43:20 - PHP Warning:  rmdir(C:/OSPanel/domains/oc3.loc/system/storage/modification/system): Directory not empty in C:\OSPanel\domains\oc3.loc\admin\controller\marketplace\modification.php on line 105
2024-05-11 8:26:05 - PHP Warning:  mysqli::__construct(): (HY000/2002): Подключение не установлено, т.к. конечный компьютер отверг запрос на подключение in C:\OSPanel\domains\oc3.loc\system\library\db\mysqli.php on line 8
2024-05-11 9:47:16 - PHP Unknown:  Required parameter $store_id follows optional parameter $product_ids in C:\OSPanel\domains\oc3.loc\admin\model\extension\advertise\google.php on line 341
2024-05-11 9:47:16 - PHP Unknown:  Required parameter $store_id follows optional parameter $data in C:\OSPanel\domains\oc3.loc\admin\model\extension\advertise\google.php on line 413
2024-05-11 9:47:16 - PHP Warning:  googleshopping\Googleshopping::integer(): Argument #1 ($product_id) must be passed by reference, value given in C:\OSPanel\domains\oc3.loc\system\library\googleshopping\googleshopping.php on line 583
2024-05-11 9:47:16 - PHP Warning:  googleshopping\Googleshopping::integer(): Argument #1 ($product_id) must be passed by reference, value given in C:\OSPanel\domains\oc3.loc\system\library\googleshopping\googleshopping.php on line 583
2024-05-11 9:47:16 - PHP Warning:  googleshopping\Googleshopping::integer(): Argument #1 ($product_id) must be passed by reference, value given in C:\OSPanel\domains\oc3.loc\system\library\googleshopping\googleshopping.php on line 583
2024-05-11 9:47:16 - PHP Warning:  googleshopping\Googleshopping::integer(): Argument #1 ($product_id) must be passed by reference, value given in C:\OSPanel\domains\oc3.loc\system\library\googleshopping\googleshopping.php on line 583
2024-05-11 9:47:16 - PHP Warning:  googleshopping\Googleshopping::integer(): Argument #1 ($product_id) must be passed by reference, value given in C:\OSPanel\domains\oc3.loc\system\library\googleshopping\googleshopping.php on line 583
2024-05-11 9:47:16 - PHP Warning:  googleshopping\Googleshopping::integer(): Argument #1 ($product_id) must be passed by reference, value given in C:\OSPanel\domains\oc3.loc\system\library\googleshopping\googleshopping.php on line 583
2024-05-11 9:47:16 - PHP Warning:  googleshopping\Googleshopping::integer(): Argument #1 ($product_id) must be passed by reference, value given in C:\OSPanel\domains\oc3.loc\system\library\googleshopping\googleshopping.php on line 583
2024-05-11 9:47:16 - PHP Warning:  googleshopping\Googleshopping::integer(): Argument #1 ($product_id) must be passed by reference, value given in C:\OSPanel\domains\oc3.loc\system\library\googleshopping\googleshopping.php on line 583
2024-05-11 9:47:16 - PHP Warning:  googleshopping\Googleshopping::integer(): Argument #1 ($product_id) must be passed by reference, value given in C:\OSPanel\domains\oc3.loc\system\library\googleshopping\googleshopping.php on line 583
2024-05-11 9:47:16 - PHP Warning:  googleshopping\Googleshopping::integer(): Argument #1 ($product_id) must be passed by reference, value given in C:\OSPanel\domains\oc3.loc\system\library\googleshopping\googleshopping.php on line 583
2024-05-11 9:47:16 - PHP Warning:  googleshopping\Googleshopping::integer(): Argument #1 ($product_id) must be passed by reference, value given in C:\OSPanel\domains\oc3.loc\system\library\googleshopping\googleshopping.php on line 583
2024-05-11 9:47:16 - PHP Warning:  googleshopping\Googleshopping::integer(): Argument #1 ($product_id) must be passed by reference, value given in C:\OSPanel\domains\oc3.loc\system\library\googleshopping\googleshopping.php on line 583
2024-05-11 9:47:16 - PHP Warning:  googleshopping\Googleshopping::integer(): Argument #1 ($product_id) must be passed by reference, value given in C:\OSPanel\domains\oc3.loc\system\library\googleshopping\googleshopping.php on line 583
2024-05-11 9:47:16 - PHP Warning:  googleshopping\Googleshopping::integer(): Argument #1 ($product_id) must be passed by reference, value given in C:\OSPanel\domains\oc3.loc\system\library\googleshopping\googleshopping.php on line 583
2024-05-11 9:47:16 - PHP Warning:  googleshopping\Googleshopping::integer(): Argument #1 ($product_id) must be passed by reference, value given in C:\OSPanel\domains\oc3.loc\system\library\googleshopping\googleshopping.php on line 583
2024-05-11 9:47:16 - PHP Warning:  googleshopping\Googleshopping::integer(): Argument #1 ($product_id) must be passed by reference, value given in C:\OSPanel\domains\oc3.loc\system\library\googleshopping\googleshopping.php on line 583
2024-05-11 9:47:16 - PHP Warning:  googleshopping\Googleshopping::integer(): Argument #1 ($product_id) must be passed by reference, value given in C:\OSPanel\domains\oc3.loc\system\library\googleshopping\googleshopping.php on line 583
2024-05-11 9:47:16 - PHP Warning:  googleshopping\Googleshopping::integer(): Argument #1 ($product_id) must be passed by reference, value given in C:\OSPanel\domains\oc3.loc\system\library\googleshopping\googleshopping.php on line 583
2024-05-11 9:47:16 - PHP Warning:  googleshopping\Googleshopping::integer(): Argument #1 ($product_id) must be passed by reference, value given in C:\OSPanel\domains\oc3.loc\system\library\googleshopping\googleshopping.php on line 583
2024-05-11 9:47:16 - PHP Warning:  googleshopping\Googleshopping::integer(): Argument #1 ($product_id) must be passed by reference, value given in C:\OSPanel\domains\oc3.loc\system\library\googleshopping\googleshopping.php on line 583
2024-05-11 9:47:16 - PHP Warning:  googleshopping\Googleshopping::integer(): Argument #1 ($product_id) must be passed by reference, value given in C:\OSPanel\domains\oc3.loc\system\library\googleshopping\googleshopping.php on line 583
2024-05-11 9:47:16 - PHP Warning:  googleshopping\Googleshopping::integer(): Argument #1 ($product_id) must be passed by reference, value given in C:\OSPanel\domains\oc3.loc\system\library\googleshopping\googleshopping.php on line 583
2024-05-11 9:47:16 - PHP Warning:  googleshopping\Googleshopping::integer(): Argument #1 ($product_id) must be passed by reference, value given in C:\OSPanel\domains\oc3.loc\system\library\googleshopping\googleshopping.php on line 583
2024-05-11 9:47:16 - PHP Warning:  googleshopping\Googleshopping::integer(): Argument #1 ($product_id) must be passed by reference, value given in C:\OSPanel\domains\oc3.loc\system\library\googleshopping\googleshopping.php on line 583
2024-05-11 9:47:16 - PHP Warning:  googleshopping\Googleshopping::integer(): Argument #1 ($product_id) must be passed by reference, value given in C:\OSPanel\domains\oc3.loc\system\library\googleshopping\googleshopping.php on line 583
2024-05-11 9:47:16 - PHP Warning:  googleshopping\Googleshopping::integer(): Argument #1 ($product_id) must be passed by reference, value given in C:\OSPanel\domains\oc3.loc\system\library\googleshopping\googleshopping.php on line 583
2024-05-11 9:47:16 - PHP Warning:  googleshopping\Googleshopping::integer(): Argument #1 ($product_id) must be passed by reference, value given in C:\OSPanel\domains\oc3.loc\system\library\googleshopping\googleshopping.php on line 583
2024-05-11 9:47:16 - PHP Warning:  googleshopping\Googleshopping::integer(): Argument #1 ($product_id) must be passed by reference, value given in C:\OSPanel\domains\oc3.loc\system\library\googleshopping\googleshopping.php on line 583
2024-05-11 9:47:16 - PHP Warning:  googleshopping\Googleshopping::integer(): Argument #1 ($product_id) must be passed by reference, value given in C:\OSPanel\domains\oc3.loc\system\library\googleshopping\googleshopping.php on line 583
2024-05-11 9:47:16 - PHP Warning:  googleshopping\Googleshopping::integer(): Argument #1 ($product_id) must be passed by reference, value given in C:\OSPanel\domains\oc3.loc\system\library\googleshopping\googleshopping.php on line 583
2024-05-11 9:47:16 - PHP Warning:  googleshopping\Googleshopping::integer(): Argument #1 ($product_id) must be passed by reference, value given in C:\OSPanel\domains\oc3.loc\system\library\googleshopping\googleshopping.php on line 583
2024-05-11 9:47:16 - PHP Warning:  googleshopping\Googleshopping::integer(): Argument #1 ($product_id) must be passed by reference, value given in C:\OSPanel\domains\oc3.loc\system\library\googleshopping\googleshopping.php on line 583
2024-05-11 9:47:16 - PHP Warning:  googleshopping\Googleshopping::integer(): Argument #1 ($product_id) must be passed by reference, value given in C:\OSPanel\domains\oc3.loc\system\library\googleshopping\googleshopping.php on line 583
2024-05-11 9:47:16 - PHP Warning:  googleshopping\Googleshopping::integer(): Argument #1 ($product_id) must be passed by reference, value given in C:\OSPanel\domains\oc3.loc\system\library\googleshopping\googleshopping.php on line 583
2024-05-11 9:47:16 - PHP Warning:  googleshopping\Googleshopping::integer(): Argument #1 ($product_id) must be passed by reference, value given in C:\OSPanel\domains\oc3.loc\system\library\googleshopping\googleshopping.php on line 583
2024-05-11 9:47:16 - PHP Warning:  googleshopping\Googleshopping::integer(): Argument #1 ($product_id) must be passed by reference, value given in C:\OSPanel\domains\oc3.loc\system\library\googleshopping\googleshopping.php on line 583
2024-05-11 9:47:16 - PHP Warning:  googleshopping\Googleshopping::integer(): Argument #1 ($product_id) must be passed by reference, value given in C:\OSPanel\domains\oc3.loc\system\library\googleshopping\googleshopping.php on line 583
2024-05-11 9:47:16 - PHP Warning:  googleshopping\Googleshopping::integer(): Argument #1 ($product_id) must be passed by reference, value given in C:\OSPanel\domains\oc3.loc\system\library\googleshopping\googleshopping.php on line 583
2024-05-11 9:47:16 - PHP Warning:  googleshopping\Googleshopping::integer(): Argument #1 ($product_id) must be passed by reference, value given in C:\OSPanel\domains\oc3.loc\system\library\googleshopping\googleshopping.php on line 583
2024-05-11 9:47:16 - PHP Warning:  googleshopping\Googleshopping::integer(): Argument #1 ($product_id) must be passed by reference, value given in C:\OSPanel\domains\oc3.loc\system\library\googleshopping\googleshopping.php on line 583
2024-05-11 9:47:16 - PHP Warning:  googleshopping\Googleshopping::integer(): Argument #1 ($product_id) must be passed by reference, value given in C:\OSPanel\domains\oc3.loc\system\library\googleshopping\googleshopping.php on line 583
2024-05-11 9:47:16 - PHP Warning:  googleshopping\Googleshopping::integer(): Argument #1 ($product_id) must be passed by reference, value given in C:\OSPanel\domains\oc3.loc\system\library\googleshopping\googleshopping.php on line 583
2024-05-11 9:47:16 - PHP Warning:  googleshopping\Googleshopping::integer(): Argument #1 ($product_id) must be passed by reference, value given in C:\OSPanel\domains\oc3.loc\system\library\googleshopping\googleshopping.php on line 583
2024-05-11 9:47:16 - PHP Warning:  googleshopping\Googleshopping::integer(): Argument #1 ($product_id) must be passed by reference, value given in C:\OSPanel\domains\oc3.loc\system\library\googleshopping\googleshopping.php on line 583
2024-05-11 9:47:16 - PHP Warning:  googleshopping\Googleshopping::integer(): Argument #1 ($product_id) must be passed by reference, value given in C:\OSPanel\domains\oc3.loc\system\library\googleshopping\googleshopping.php on line 583
2024-05-11 9:47:16 - PHP Warning:  googleshopping\Googleshopping::integer(): Argument #1 ($product_id) must be passed by reference, value given in C:\OSPanel\domains\oc3.loc\system\library\googleshopping\googleshopping.php on line 583
2024-05-11 9:47:16 - PHP Warning:  googleshopping\Googleshopping::integer(): Argument #1 ($product_id) must be passed by reference, value given in C:\OSPanel\domains\oc3.loc\system\library\googleshopping\googleshopping.php on line 583
2024-05-11 9:47:16 - PHP Warning:  googleshopping\Googleshopping::integer(): Argument #1 ($product_id) must be passed by reference, value given in C:\OSPanel\domains\oc3.loc\system\library\googleshopping\googleshopping.php on line 583
2024-05-11 9:47:16 - PHP Warning:  googleshopping\Googleshopping::integer(): Argument #1 ($product_id) must be passed by reference, value given in C:\OSPanel\domains\oc3.loc\system\library\googleshopping\googleshopping.php on line 583
2024-05-11 9:47:16 - PHP Warning:  googleshopping\Googleshopping::integer(): Argument #1 ($product_id) must be passed by reference, value given in C:\OSPanel\domains\oc3.loc\system\library\googleshopping\googleshopping.php on line 583
2024-05-11 9:47:16 - PHP Warning:  googleshopping\Googleshopping::integer(): Argument #1 ($product_id) must be passed by reference, value given in C:\OSPanel\domains\oc3.loc\system\library\googleshopping\googleshopping.php on line 583
2024-05-11 9:47:16 - PHP Warning:  googleshopping\Googleshopping::integer(): Argument #1 ($product_id) must be passed by reference, value given in C:\OSPanel\domains\oc3.loc\system\library\googleshopping\googleshopping.php on line 583
2024-05-11 9:47:16 - PHP Warning:  googleshopping\Googleshopping::integer(): Argument #1 ($product_id) must be passed by reference, value given in C:\OSPanel\domains\oc3.loc\system\library\googleshopping\googleshopping.php on line 583
2024-05-11 9:47:16 - PHP Warning:  googleshopping\Googleshopping::integer(): Argument #1 ($product_id) must be passed by reference, value given in C:\OSPanel\domains\oc3.loc\system\library\googleshopping\googleshopping.php on line 583
2024-05-11 9:47:16 - PHP Warning:  googleshopping\Googleshopping::integer(): Argument #1 ($product_id) must be passed by reference, value given in C:\OSPanel\domains\oc3.loc\system\library\googleshopping\googleshopping.php on line 583
2024-05-11 9:47:16 - PHP Warning:  googleshopping\Googleshopping::integer(): Argument #1 ($product_id) must be passed by reference, value given in C:\OSPanel\domains\oc3.loc\system\library\googleshopping\googleshopping.php on line 583
2024-05-11 9:47:16 - PHP Warning:  googleshopping\Googleshopping::integer(): Argument #1 ($product_id) must be passed by reference, value given in C:\OSPanel\domains\oc3.loc\system\library\googleshopping\googleshopping.php on line 583
2024-05-11 9:47:16 - PHP Warning:  Cannot modify header information - headers already sent by (output started at C:\OSPanel\domains\oc3.loc\admin\controller\startup\error.php:34) in C:\OSPanel\domains\oc3.loc\system\library\response.php on line 36
2024-05-11 9:47:45 - PHP Unknown:  Required parameter $store_id follows optional parameter $product_ids in C:\OSPanel\domains\oc3.loc\admin\model\extension\advertise\google.php on line 341
2024-05-11 9:47:45 - PHP Unknown:  Required parameter $store_id follows optional parameter $data in C:\OSPanel\domains\oc3.loc\admin\model\extension\advertise\google.php on line 413
2024-05-11 9:47:45 - PHP Warning:  googleshopping\Googleshopping::integer(): Argument #1 ($product_id) must be passed by reference, value given in C:\OSPanel\domains\oc3.loc\system\library\googleshopping\googleshopping.php on line 583
2024-05-11 9:47:45 - PHP Warning:  googleshopping\Googleshopping::integer(): Argument #1 ($product_id) must be passed by reference, value given in C:\OSPanel\domains\oc3.loc\system\library\googleshopping\googleshopping.php on line 583
2024-05-11 9:47:45 - PHP Warning:  googleshopping\Googleshopping::integer(): Argument #1 ($product_id) must be passed by reference, value given in C:\OSPanel\domains\oc3.loc\system\library\googleshopping\googleshopping.php on line 583
2024-05-11 9:47:45 - PHP Warning:  googleshopping\Googleshopping::integer(): Argument #1 ($product_id) must be passed by reference, value given in C:\OSPanel\domains\oc3.loc\system\library\googleshopping\googleshopping.php on line 583
2024-05-11 9:47:45 - PHP Warning:  googleshopping\Googleshopping::integer(): Argument #1 ($product_id) must be passed by reference, value given in C:\OSPanel\domains\oc3.loc\system\library\googleshopping\googleshopping.php on line 583
2024-05-11 9:47:45 - PHP Warning:  googleshopping\Googleshopping::integer(): Argument #1 ($product_id) must be passed by reference, value given in C:\OSPanel\domains\oc3.loc\system\library\googleshopping\googleshopping.php on line 583
2024-05-11 9:47:45 - PHP Warning:  googleshopping\Googleshopping::integer(): Argument #1 ($product_id) must be passed by reference, value given in C:\OSPanel\domains\oc3.loc\system\library\googleshopping\googleshopping.php on line 583
2024-05-11 9:47:45 - PHP Warning:  googleshopping\Googleshopping::integer(): Argument #1 ($product_id) must be passed by reference, value given in C:\OSPanel\domains\oc3.loc\system\library\googleshopping\googleshopping.php on line 583
2024-05-11 9:47:45 - PHP Warning:  googleshopping\Googleshopping::integer(): Argument #1 ($product_id) must be passed by reference, value given in C:\OSPanel\domains\oc3.loc\system\library\googleshopping\googleshopping.php on line 583
2024-05-11 9:47:45 - PHP Warning:  googleshopping\Googleshopping::integer(): Argument #1 ($product_id) must be passed by reference, value given in C:\OSPanel\domains\oc3.loc\system\library\googleshopping\googleshopping.php on line 583
2024-05-11 9:47:45 - PHP Warning:  googleshopping\Googleshopping::integer(): Argument #1 ($product_id) must be passed by reference, value given in C:\OSPanel\domains\oc3.loc\system\library\googleshopping\googleshopping.php on line 583
2024-05-11 9:47:45 - PHP Warning:  googleshopping\Googleshopping::integer(): Argument #1 ($product_id) must be passed by reference, value given in C:\OSPanel\domains\oc3.loc\system\library\googleshopping\googleshopping.php on line 583
2024-05-11 9:47:45 - PHP Warning:  googleshopping\Googleshopping::integer(): Argument #1 ($product_id) must be passed by reference, value given in C:\OSPanel\domains\oc3.loc\system\library\googleshopping\googleshopping.php on line 583
2024-05-11 9:47:45 - PHP Warning:  googleshopping\Googleshopping::integer(): Argument #1 ($product_id) must be passed by reference, value given in C:\OSPanel\domains\oc3.loc\system\library\googleshopping\googleshopping.php on line 583
2024-05-11 9:47:45 - PHP Warning:  googleshopping\Googleshopping::integer(): Argument #1 ($product_id) must be passed by reference, value given in C:\OSPanel\domains\oc3.loc\system\library\googleshopping\googleshopping.php on line 583
2024-05-11 9:47:45 - PHP Warning:  googleshopping\Googleshopping::integer(): Argument #1 ($product_id) must be passed by reference, value given in C:\OSPanel\domains\oc3.loc\system\library\googleshopping\googleshopping.php on line 583
2024-05-11 9:47:45 - PHP Warning:  googleshopping\Googleshopping::integer(): Argument #1 ($product_id) must be passed by reference, value given in C:\OSPanel\domains\oc3.loc\system\library\googleshopping\googleshopping.php on line 583
2024-05-11 9:47:45 - PHP Warning:  googleshopping\Googleshopping::integer(): Argument #1 ($product_id) must be passed by reference, value given in C:\OSPanel\domains\oc3.loc\system\library\googleshopping\googleshopping.php on line 583
2024-05-11 9:47:45 - PHP Warning:  googleshopping\Googleshopping::integer(): Argument #1 ($product_id) must be passed by reference, value given in C:\OSPanel\domains\oc3.loc\system\library\googleshopping\googleshopping.php on line 583
2024-05-11 9:47:45 - PHP Warning:  googleshopping\Googleshopping::integer(): Argument #1 ($product_id) must be passed by reference, value given in C:\OSPanel\domains\oc3.loc\system\library\googleshopping\googleshopping.php on line 583
2024-05-11 9:47:45 - PHP Warning:  googleshopping\Googleshopping::integer(): Argument #1 ($product_id) must be passed by reference, value given in C:\OSPanel\domains\oc3.loc\system\library\googleshopping\googleshopping.php on line 583
2024-05-11 9:47:45 - PHP Warning:  googleshopping\Googleshopping::integer(): Argument #1 ($product_id) must be passed by reference, value given in C:\OSPanel\domains\oc3.loc\system\library\googleshopping\googleshopping.php on line 583
2024-05-11 9:47:45 - PHP Warning:  googleshopping\Googleshopping::integer(): Argument #1 ($product_id) must be passed by reference, value given in C:\OSPanel\domains\oc3.loc\system\library\googleshopping\googleshopping.php on line 583
2024-05-11 9:47:45 - PHP Warning:  googleshopping\Googleshopping::integer(): Argument #1 ($product_id) must be passed by reference, value given in C:\OSPanel\domains\oc3.loc\system\library\googleshopping\googleshopping.php on line 583
2024-05-11 9:47:45 - PHP Warning:  googleshopping\Googleshopping::integer(): Argument #1 ($product_id) must be passed by reference, value given in C:\OSPanel\domains\oc3.loc\system\library\googleshopping\googleshopping.php on line 583
2024-05-11 9:47:45 - PHP Warning:  googleshopping\Googleshopping::integer(): Argument #1 ($product_id) must be passed by reference, value given in C:\OSPanel\domains\oc3.loc\system\library\googleshopping\googleshopping.php on line 583
2024-05-11 9:47:45 - PHP Warning:  googleshopping\Googleshopping::integer(): Argument #1 ($product_id) must be passed by reference, value given in C:\OSPanel\domains\oc3.loc\system\library\googleshopping\googleshopping.php on line 583
2024-05-11 9:47:45 - PHP Warning:  googleshopping\Googleshopping::integer(): Argument #1 ($product_id) must be passed by reference, value given in C:\OSPanel\domains\oc3.loc\system\library\googleshopping\googleshopping.php on line 583
2024-05-11 9:47:45 - PHP Warning:  googleshopping\Googleshopping::integer(): Argument #1 ($product_id) must be passed by reference, value given in C:\OSPanel\domains\oc3.loc\system\library\googleshopping\googleshopping.php on line 583
2024-05-11 9:47:45 - PHP Warning:  googleshopping\Googleshopping::integer(): Argument #1 ($product_id) must be passed by reference, value given in C:\OSPanel\domains\oc3.loc\system\library\googleshopping\googleshopping.php on line 583
2024-05-11 9:47:45 - PHP Warning:  googleshopping\Googleshopping::integer(): Argument #1 ($product_id) must be passed by reference, value given in C:\OSPanel\domains\oc3.loc\system\library\googleshopping\googleshopping.php on line 583
2024-05-11 9:47:45 - PHP Warning:  googleshopping\Googleshopping::integer(): Argument #1 ($product_id) must be passed by reference, value given in C:\OSPanel\domains\oc3.loc\system\library\googleshopping\googleshopping.php on line 583
2024-05-11 9:47:45 - PHP Warning:  googleshopping\Googleshopping::integer(): Argument #1 ($product_id) must be passed by reference, value given in C:\OSPanel\domains\oc3.loc\system\library\googleshopping\googleshopping.php on line 583
2024-05-11 9:47:45 - PHP Warning:  googleshopping\Googleshopping::integer(): Argument #1 ($product_id) must be passed by reference, value given in C:\OSPanel\domains\oc3.loc\system\library\googleshopping\googleshopping.php on line 583
2024-05-11 9:47:45 - PHP Warning:  googleshopping\Googleshopping::integer(): Argument #1 ($product_id) must be passed by reference, value given in C:\OSPanel\domains\oc3.loc\system\library\googleshopping\googleshopping.php on line 583
2024-05-11 9:47:45 - PHP Warning:  googleshopping\Googleshopping::integer(): Argument #1 ($product_id) must be passed by reference, value given in C:\OSPanel\domains\oc3.loc\system\library\googleshopping\googleshopping.php on line 583
2024-05-11 9:47:45 - PHP Warning:  googleshopping\Googleshopping::integer(): Argument #1 ($product_id) must be passed by reference, value given in C:\OSPanel\domains\oc3.loc\system\library\googleshopping\googleshopping.php on line 583
2024-05-11 9:47:45 - PHP Warning:  googleshopping\Googleshopping::integer(): Argument #1 ($product_id) must be passed by reference, value given in C:\OSPanel\domains\oc3.loc\system\library\googleshopping\googleshopping.php on line 583
2024-05-11 9:47:45 - PHP Warning:  googleshopping\Googleshopping::integer(): Argument #1 ($product_id) must be passed by reference, value given in C:\OSPanel\domains\oc3.loc\system\library\googleshopping\googleshopping.php on line 583
2024-05-11 9:47:45 - PHP Warning:  googleshopping\Googleshopping::integer(): Argument #1 ($product_id) must be passed by reference, value given in C:\OSPanel\domains\oc3.loc\system\library\googleshopping\googleshopping.php on line 583
2024-05-11 9:47:45 - PHP Warning:  googleshopping\Googleshopping::integer(): Argument #1 ($product_id) must be passed by reference, value given in C:\OSPanel\domains\oc3.loc\system\library\googleshopping\googleshopping.php on line 583
2024-05-11 9:47:45 - PHP Warning:  googleshopping\Googleshopping::integer(): Argument #1 ($product_id) must be passed by reference, value given in C:\OSPanel\domains\oc3.loc\system\library\googleshopping\googleshopping.php on line 583
2024-05-11 9:47:45 - PHP Warning:  googleshopping\Googleshopping::integer(): Argument #1 ($product_id) must be passed by reference, value given in C:\OSPanel\domains\oc3.loc\system\library\googleshopping\googleshopping.php on line 583
2024-05-11 9:47:45 - PHP Warning:  googleshopping\Googleshopping::integer(): Argument #1 ($product_id) must be passed by reference, value given in C:\OSPanel\domains\oc3.loc\system\library\googleshopping\googleshopping.php on line 583
2024-05-11 9:47:45 - PHP Warning:  googleshopping\Googleshopping::integer(): Argument #1 ($product_id) must be passed by reference, value given in C:\OSPanel\domains\oc3.loc\system\library\googleshopping\googleshopping.php on line 583
2024-05-11 9:47:45 - PHP Warning:  googleshopping\Googleshopping::integer(): Argument #1 ($product_id) must be passed by reference, value given in C:\OSPanel\domains\oc3.loc\system\library\googleshopping\googleshopping.php on line 583
2024-05-11 9:47:45 - PHP Warning:  googleshopping\Googleshopping::integer(): Argument #1 ($product_id) must be passed by reference, value given in C:\OSPanel\domains\oc3.loc\system\library\googleshopping\googleshopping.php on line 583
2024-05-11 9:47:45 - PHP Warning:  googleshopping\Googleshopping::integer(): Argument #1 ($product_id) must be passed by reference, value given in C:\OSPanel\domains\oc3.loc\system\library\googleshopping\googleshopping.php on line 583
2024-05-11 9:47:45 - PHP Warning:  googleshopping\Googleshopping::integer(): Argument #1 ($product_id) must be passed by reference, value given in C:\OSPanel\domains\oc3.loc\system\library\googleshopping\googleshopping.php on line 583
2024-05-11 9:47:45 - PHP Warning:  googleshopping\Googleshopping::integer(): Argument #1 ($product_id) must be passed by reference, value given in C:\OSPanel\domains\oc3.loc\system\library\googleshopping\googleshopping.php on line 583
2024-05-11 9:47:45 - PHP Warning:  googleshopping\Googleshopping::integer(): Argument #1 ($product_id) must be passed by reference, value given in C:\OSPanel\domains\oc3.loc\system\library\googleshopping\googleshopping.php on line 583
2024-05-11 9:47:45 - PHP Warning:  googleshopping\Googleshopping::integer(): Argument #1 ($product_id) must be passed by reference, value given in C:\OSPanel\domains\oc3.loc\system\library\googleshopping\googleshopping.php on line 583
2024-05-11 9:47:45 - PHP Warning:  googleshopping\Googleshopping::integer(): Argument #1 ($product_id) must be passed by reference, value given in C:\OSPanel\domains\oc3.loc\system\library\googleshopping\googleshopping.php on line 583
2024-05-11 9:47:45 - PHP Warning:  googleshopping\Googleshopping::integer(): Argument #1 ($product_id) must be passed by reference, value given in C:\OSPanel\domains\oc3.loc\system\library\googleshopping\googleshopping.php on line 583
2024-05-11 9:47:45 - PHP Warning:  googleshopping\Googleshopping::integer(): Argument #1 ($product_id) must be passed by reference, value given in C:\OSPanel\domains\oc3.loc\system\library\googleshopping\googleshopping.php on line 583
2024-05-11 9:47:45 - PHP Warning:  googleshopping\Googleshopping::integer(): Argument #1 ($product_id) must be passed by reference, value given in C:\OSPanel\domains\oc3.loc\system\library\googleshopping\googleshopping.php on line 583
2024-05-11 9:47:45 - PHP Warning:  googleshopping\Googleshopping::integer(): Argument #1 ($product_id) must be passed by reference, value given in C:\OSPanel\domains\oc3.loc\system\library\googleshopping\googleshopping.php on line 583
2024-05-11 9:47:45 - PHP Warning:  Cannot modify header information - headers already sent by (output started at C:\OSPanel\domains\oc3.loc\admin\controller\startup\error.php:34) in C:\OSPanel\domains\oc3.loc\system\library\response.php on line 36
2024-05-13 6:59:43 - PHP Warning:  rmdir(C:/OSPanel/domains/oc3.loc/system/storage/modification/system): No such file or directory in C:\OSPanel\domains\oc3.loc\admin\controller\marketplace\modification.php on line 105
2024-05-13 6:59:45 - PHP Warning:  mkdir(): File exists in C:\OSPanel\domains\oc3.loc\admin\controller\marketplace\modification.php on line 414
2024-05-13 6:59:45 - PHP Warning:  mkdir(): File exists in C:\OSPanel\domains\oc3.loc\admin\controller\marketplace\modification.php on line 414
2024-05-13 6:59:45 - PHP Warning:  mkdir(): File exists in C:\OSPanel\domains\oc3.loc\admin\controller\marketplace\modification.php on line 414
2024-05-16 10:12:55 - PHP Unknown:  Required parameter $store_id follows optional parameter $product_ids in C:\OSPanel\domains\oc3.loc\admin\model\extension\advertise\google.php on line 341
2024-05-16 10:12:55 - PHP Unknown:  Required parameter $store_id follows optional parameter $data in C:\OSPanel\domains\oc3.loc\admin\model\extension\advertise\google.php on line 413
